Using pre-set license
Built from '2020.3/staging' branch; Version is '2020.3.30f1 (1fb1bf06830e) revision 2077119'; Using compiler version '192528614'; Build Type 'Release'
OS: 'Windows 11  (10.0.22000) 64bit Core' Language: 'en' Physical Memory: 16281 MB
BatchMode: 1, IsHumanControllingUs: 0, StartBugReporterOnCrash: 0, Is64bit: 1, IsPro: 0

COMMAND LINE ARGUMENTS:
C:\Program Files\Unity\Hub\Editor\2020.3.30f1\Editor\Unity.exe
-adb2
-batchMode
-noUpm
-name
AssetImportWorker1
-projectPath
C:/Users/Joseph/PAC-MAN
-logFile
Logs/AssetImportWorker1.log
-srvPort
55720
Successfully changed project path to: C:/Users/Joseph/PAC-MAN
C:/Users/Joseph/PAC-MAN
Using Asset Import Pipeline V2.
Refreshing native plugins compatible for Editor in 153.38 ms, found 3 plugins.
Preloading 0 native plugins for Editor in 0.00 ms.
Initialize engine version: 2020.3.30f1 (1fb1bf06830e)
[Subsystems] Discovering subsystems at path C:/Program Files/Unity/Hub/Editor/2020.3.30f1/Editor/Data/Resources/UnitySubsystems
[Subsystems] Discovering subsystems at path C:/Users/Joseph/PAC-MAN/Assets
GfxDevice: creating device client; threaded=0
Direct3D:
    Version:  Direct3D 11.0 [level 11.1]
    Renderer: Intel(R) UHD Graphics 620 (ID=0x5917)
    Vendor:   
    VRAM:     8140 MB
    Driver:   27.20.100.8854
Initialize mono
Mono path[0] = 'C:/Program Files/Unity/Hub/Editor/2020.3.30f1/Editor/Data/Managed'
Mono path[1] = 'C:/Program Files/Unity/Hub/Editor/2020.3.30f1/Editor/Data/MonoBleedingEdge/lib/mono/unityjit'
Mono config path = 'C:/Program Files/Unity/Hub/Editor/2020.3.30f1/Editor/Data/MonoBleedingEdge/etc'
Using monoOptions --debugger-agent=transport=dt_socket,embedding=1,server=y,suspend=n,address=127.0.0.1:56700
Begin MonoManager ReloadAssembly
Registering precompiled unity dll's ...
Registered in 0.003233 seconds.
Refreshing native plugins compatible for Editor in 135.35 ms, found 3 plugins.
Preloading 0 native plugins for Editor in 0.00 ms.
Mono: successfully reloaded assembly
- Completed reload, in  2.149 seconds
Domain Reload Profiling:
	ReloadAssembly (2150ms)
		BeginReloadAssembly (230ms)
			ExecutionOrderSort (0ms)
			DisableScriptedObjects (0ms)
			BackupInstance (0ms)
			ReleaseScriptingObjects (0ms)
			CreateAndSetChildDomain (2ms)
		EndReloadAssembly (1676ms)
			LoadAssemblies (200ms)
			RebuildTransferFunctionScriptingTraits (0ms)
			SetupTypeCache (583ms)
			ReleaseScriptCaches (0ms)
			RebuildScriptCaches (97ms)
			SetupLoadedEditorAssemblies (468ms)
				LogAssemblyErrors (0ms)
				InitializePlatformSupportModulesInManaged (5ms)
				SetLoadedEditorAssemblies (0ms)
				RefreshPlugins (135ms)
				BeforeProcessingInitializeOnLoad (35ms)
				ProcessInitializeOnLoadAttributes (216ms)
				ProcessInitializeOnLoadMethodAttributes (75ms)
				AfterProcessingInitializeOnLoad (0ms)
				EditorAssembliesLoaded (0ms)
			ExecutionOrderSort2 (0ms)
			AwakeInstancesAfterBackupRestoration (0ms)
Platform modules already initialized, skipping
Registering precompiled user dll's ...
Registered in 0.004905 seconds.
Begin MonoManager ReloadAssembly
Refreshing native plugins compatible for Editor in 78.35 ms, found 3 plugins.
Preloading 0 native plugins for Editor in 0.00 ms.
Mono: successfully reloaded assembly
- Completed reload, in 12.737 seconds
Domain Reload Profiling:
	ReloadAssembly (12743ms)
		BeginReloadAssembly (429ms)
			ExecutionOrderSort (0ms)
			DisableScriptedObjects (9ms)
			BackupInstance (0ms)
			ReleaseScriptingObjects (0ms)
			CreateAndSetChildDomain (46ms)
		EndReloadAssembly (12181ms)
			LoadAssemblies (7242ms)
			RebuildTransferFunctionScriptingTraits (0ms)
			SetupTypeCache (1871ms)
			ReleaseScriptCaches (1ms)
			RebuildScriptCaches (97ms)
			SetupLoadedEditorAssemblies (2749ms)
				LogAssemblyErrors (0ms)
				InitializePlatformSupportModulesInManaged (7ms)
				SetLoadedEditorAssemblies (1ms)
				RefreshPlugins (78ms)
				BeforeProcessingInitializeOnLoad (131ms)
				ProcessInitializeOnLoadAttributes (709ms)
				ProcessInitializeOnLoadMethodAttributes (1811ms)
				AfterProcessingInitializeOnLoad (12ms)
				EditorAssembliesLoaded (0ms)
			ExecutionOrderSort2 (0ms)
			AwakeInstancesAfterBackupRestoration (11ms)
Platform modules already initialized, skipping
========================================================================
Worker process is ready to serve import requests
Launched and connected shader compiler UnityShaderCompiler.exe after 0.22 seconds
Refreshing native plugins compatible for Editor in 0.85 ms, found 3 plugins.
Preloading 0 native plugins for Editor in 0.00 ms.
Unloading 2215 Unused Serialized files (Serialized files now loaded: 0)
System memory in use before: 96.8 MB.
System memory in use after: 96.7 MB.

Unloading 31 unused Assets to reduce memory usage. Loaded Objects now: 2646.
Total: 7.690400 ms (FindLiveObjects: 0.349200 ms CreateObjectMapping: 0.185800 ms MarkObjects: 6.835800 ms  DeleteObjects: 0.317400 ms)

AssetImportParameters requested are different than current active one (requested -> active):
  custom:framework-win-MediaFoundation: 216162199b28c13a410421893ffa2e32 -> 
  custom:video-decoder-ogg-theora: a1e56fd34408186e4bbccfd4996cb3dc -> 
  custom:container-muxer-webm: aa71ff27fc2769a1b78a27578f13a17b -> 
  custom:container-demuxer-webm: 4f35f7cbe854078d1ac9338744f61a02 -> 
  custom:container-demuxer-ogg: 62fdf1f143b41e24485cea50d1cbac27 -> 
  custom:video-encoder-webm-vp8: eb34c28f22e8b96e1ab97ce403110664 -> 
  custom:video-codec-MediaFoundation-h265: 746d11721c4dcdbdad8f713fa42b33f4 -> 
  custom:video-decoder-webm-vp8: 9c59270c3fd7afecdb556c50c9e8de78 -> 
  custom:audio-decoder-ogg-vorbis: bf7c407c2cedff20999df2af8eb42d56 -> 
  custom:audio-encoder-webm-vorbis: bf7c407c2cedff20999df2af8eb42d56 -> 
========================================================================
Received Import Request.
  path: Assets/PAC-MAN
  artifactKey: Guid(131a6b21c8605f84396be9f6751fb6e3) Importer(815301076,1909f56bfc062723c751e8b465ee728b)
Start importing Assets/PAC-MAN using Guid(131a6b21c8605f84396be9f6751fb6e3) Importer(815301076,1909f56bfc062723c751e8b465ee728b)  -> (artifact id: 'dbe4e29833dea621934279ae71c56160') in 0.017918 seconds 
========================================================================
Received Import Request.
  Time since last request: 145.861548 seconds.
  path: ProjectSettings/TagManager.asset
  artifactKey: Guid(00000000000000003000000000000000) Importer(815301076,1909f56bfc062723c751e8b465ee728b)
Start importing ProjectSettings/TagManager.asset using Guid(00000000000000003000000000000000) Importer(815301076,1909f56bfc062723c751e8b465ee728b)  -> (artifact id: '95df672b4aaba54310d34c83eef51bb8') in 0.132496 seconds 
========================================================================
Received Import Request.
  Time since last request: 312.795296 seconds.
  path: Assets
  artifactKey: Guid(00000000000000001000000000000000) Importer(815301076,1909f56bfc062723c751e8b465ee728b)
Start importing Assets using Guid(00000000000000001000000000000000) Importer(815301076,1909f56bfc062723c751e8b465ee728b)  -> (artifact id: '42d402b061de3733987d63b9cc3b64de') in 0.044158 seconds 
========================================================================
Received Import Request.
  Time since last request: 7.216962 seconds.
  path: Assets/Sprites
  artifactKey: Guid(b2c3aea8516ea7040bf4a8904d93600c) Importer(815301076,1909f56bfc062723c751e8b465ee728b)
Start importing Assets/Sprites using Guid(b2c3aea8516ea7040bf4a8904d93600c) Importer(815301076,1909f56bfc062723c751e8b465ee728b)  -> (artifact id: '41a10c137e7794e6de5c556bd5a278ea') in 0.023294 seconds 
========================================================================
Received Import Request.
  Time since last request: 140.551516 seconds.
  path: Assets/Sprites/Fruit_Apple.png
  artifactKey: Guid(771de2cae5e4b8f4ca5841cfea5533b3) Importer(815301076,1909f56bfc062723c751e8b465ee728b)
Start importing Assets/Sprites/Fruit_Apple.png using Guid(771de2cae5e4b8f4ca5841cfea5533b3) Importer(815301076,1909f56bfc062723c751e8b465ee728b)  -> (artifact id: 'f37637b2aaca14b11fd8f76c078441e2') in 0.185157 seconds 
========================================================================
Received Import Request.
  Time since last request: 89.845355 seconds.
  path: Assets/Sprites/Fruit_Bell.png
  artifactKey: Guid(dd12ddce3a22b894e999a19b6d4e4dd0) Importer(815301076,1909f56bfc062723c751e8b465ee728b)
Start importing Assets/Sprites/Fruit_Bell.png using Guid(dd12ddce3a22b894e999a19b6d4e4dd0) Importer(815301076,1909f56bfc062723c751e8b465ee728b)  -> (artifact id: '1aa090a65191bdb67c79aca14995705c') in 0.039023 seconds 
========================================================================
Received Import Request.
  Time since last request: 65.285189 seconds.
  path: Assets/Sprites/Fruit_Cherry.png
  artifactKey: Guid(281b658f7f9b14447bd3df3b3113bf87) Importer(815301076,1909f56bfc062723c751e8b465ee728b)
Start importing Assets/Sprites/Fruit_Cherry.png using Guid(281b658f7f9b14447bd3df3b3113bf87) Importer(815301076,1909f56bfc062723c751e8b465ee728b)  -> (artifact id: '0828d3eaee68c13b9380b85226f131a7') in 0.043111 seconds 
========================================================================
Received Import Request.
  Time since last request: 83.967967 seconds.
  path: Assets/Sprites/Fruit_GalaxianStarship.png
  artifactKey: Guid(1dcc519fd63ac2d418ca5156cf72fd30) Importer(815301076,1909f56bfc062723c751e8b465ee728b)
Start importing Assets/Sprites/Fruit_GalaxianStarship.png using Guid(1dcc519fd63ac2d418ca5156cf72fd30) Importer(815301076,1909f56bfc062723c751e8b465ee728b)  -> (artifact id: 'eaa2cbb32923d1e63c08f445b15fae36') in 0.059469 seconds 
========================================================================
Received Import Request.
  Time since last request: 0.000335 seconds.
  path: Assets/Sprites/Fruit_Melon.png
  artifactKey: Guid(e6f6038d26a0c694c889fe5548355515) Importer(815301076,1909f56bfc062723c751e8b465ee728b)
Start importing Assets/Sprites/Fruit_Melon.png using Guid(e6f6038d26a0c694c889fe5548355515) Importer(815301076,1909f56bfc062723c751e8b465ee728b)  -> (artifact id: 'b743f37c106b8e513f2a587090fbae89') in 0.065679 seconds 
========================================================================
Received Import Request.
  Time since last request: 0.000347 seconds.
  path: Assets/Sprites/Fruit_Key.png
  artifactKey: Guid(2c084821a15647840953b06f5b066790) Importer(815301076,1909f56bfc062723c751e8b465ee728b)
Start importing Assets/Sprites/Fruit_Key.png using Guid(2c084821a15647840953b06f5b066790) Importer(815301076,1909f56bfc062723c751e8b465ee728b)  -> (artifact id: 'fae2b89395a1c5d30a13440534c67167') in 0.053387 seconds 
========================================================================
Received Import Request.
  Time since last request: 0.000296 seconds.
  path: Assets/Sprites/Fruit_Strawberry.png
  artifactKey: Guid(5ada1ad8a772d79479c90b135aad79d5) Importer(815301076,1909f56bfc062723c751e8b465ee728b)
Start importing Assets/Sprites/Fruit_Strawberry.png using Guid(5ada1ad8a772d79479c90b135aad79d5) Importer(815301076,1909f56bfc062723c751e8b465ee728b)  -> (artifact id: '0be664c4811bb98c100577589cf61eb2') in 0.042778 seconds 
========================================================================
Received Import Request.
  Time since last request: 0.000311 seconds.
  path: Assets/Sprites/Fruit_Orange.png
  artifactKey: Guid(086fef078f2355e4891c00fceda8968f) Importer(815301076,1909f56bfc062723c751e8b465ee728b)
Start importing Assets/Sprites/Fruit_Orange.png using Guid(086fef078f2355e4891c00fceda8968f) Importer(815301076,1909f56bfc062723c751e8b465ee728b)  -> (artifact id: 'dc39ed406c772cadb07426f02c7c3932') in 0.046608 seconds 
========================================================================
Received Import Request.
  Time since last request: 56.738752 seconds.
  path: Assets/Sprites/Ghost_Body_01.png
  artifactKey: Guid(f22f9a57df387194d83017a67d827b9d) Importer(815301076,1909f56bfc062723c751e8b465ee728b)
Start importing Assets/Sprites/Ghost_Body_01.png using Guid(f22f9a57df387194d83017a67d827b9d) Importer(815301076,1909f56bfc062723c751e8b465ee728b)  -> (artifact id: '583e434dbfa59a90b12622df10f7d41b') in 0.036677 seconds 
========================================================================
Received Import Request.
  Time since last request: 0.001259 seconds.
  path: Assets/Sprites/Ghost_Body_02.png
  artifactKey: Guid(4b5615af47c87ad408e54772773f82b3) Importer(815301076,1909f56bfc062723c751e8b465ee728b)
Start importing Assets/Sprites/Ghost_Body_02.png using Guid(4b5615af47c87ad408e54772773f82b3) Importer(815301076,1909f56bfc062723c751e8b465ee728b)  -> (artifact id: 'fb6564b13eabaa8a9ea781a2ea3da6fa') in 0.036810 seconds 
========================================================================
Received Import Request.
  Time since last request: 0.000563 seconds.
  path: Assets/Sprites/Ghost_Eyes_Down.png
  artifactKey: Guid(4eb912d0d8f08e44488949acefa5fca3) Importer(815301076,1909f56bfc062723c751e8b465ee728b)
Start importing Assets/Sprites/Ghost_Eyes_Down.png using Guid(4eb912d0d8f08e44488949acefa5fca3) Importer(815301076,1909f56bfc062723c751e8b465ee728b)  -> (artifact id: 'e7920dd4a418bff77c5cf48f9395d34b') in 0.034364 seconds 
========================================================================
Received Import Request.
  Time since last request: 46.123941 seconds.
  path: Assets/Sprites/Ghost_Eyes_Left.png
  artifactKey: Guid(f161ae801e2754c46967c8c0edc3cf8b) Importer(815301076,1909f56bfc062723c751e8b465ee728b)
Start importing Assets/Sprites/Ghost_Eyes_Left.png using Guid(f161ae801e2754c46967c8c0edc3cf8b) Importer(815301076,1909f56bfc062723c751e8b465ee728b)  -> (artifact id: 'c4254e2e53a3ca5ceafa24dafffe7371') in 0.040091 seconds 
========================================================================
Received Import Request.
  Time since last request: 95.466834 seconds.
  path: Assets/Sprites/Ghost_Eyes_Right.png
  artifactKey: Guid(e15369776a0a8bd4a802ed6a1e0ff764) Importer(815301076,1909f56bfc062723c751e8b465ee728b)
Start importing Assets/Sprites/Ghost_Eyes_Right.png using Guid(e15369776a0a8bd4a802ed6a1e0ff764) Importer(815301076,1909f56bfc062723c751e8b465ee728b)  -> (artifact id: 'f8b4a32c853507fc748a1106da3e83d0') in 0.042788 seconds 
========================================================================
Received Import Request.
  Time since last request: 0.000350 seconds.
  path: Assets/Sprites/Ghost_Vulnerable_Blue_01.png
  artifactKey: Guid(66a5d8eba422eb1458e50d029441fcbe) Importer(815301076,1909f56bfc062723c751e8b465ee728b)
Start importing Assets/Sprites/Ghost_Vulnerable_Blue_01.png using Guid(66a5d8eba422eb1458e50d029441fcbe) Importer(815301076,1909f56bfc062723c751e8b465ee728b)  -> (artifact id: '2b96bba4ce802ee764d58cd87059e4ea') in 0.032288 seconds 
========================================================================
Received Import Request.
  Time since last request: 0.000274 seconds.
  path: Assets/Sprites/Ghost_Vulnerable_Blue_02.png
  artifactKey: Guid(b4b16279024c646408b549ba9923bade) Importer(815301076,1909f56bfc062723c751e8b465ee728b)
Start importing Assets/Sprites/Ghost_Vulnerable_Blue_02.png using Guid(b4b16279024c646408b549ba9923bade) Importer(815301076,1909f56bfc062723c751e8b465ee728b)  -> (artifact id: '3bff40b405f505e7f3309f8cdcb59d5b') in 0.041609 seconds 
========================================================================
Received Import Request.
  Time since last request: 0.000369 seconds.
  path: Assets/Sprites/Ghost_Eyes_Up.png
  artifactKey: Guid(dbd37810d0aa4314da558eab80682989) Importer(815301076,1909f56bfc062723c751e8b465ee728b)
Start importing Assets/Sprites/Ghost_Eyes_Up.png using Guid(dbd37810d0aa4314da558eab80682989) Importer(815301076,1909f56bfc062723c751e8b465ee728b)  -> (artifact id: '2c63fa07595e06e6d6931a9311f557e6') in 0.039443 seconds 
========================================================================
Received Import Request.
  Time since last request: 74.763944 seconds.
  path: Assets/Sprites/Ghost_Vulnerable_White_01.png
  artifactKey: Guid(e143709560e917e4e985b7e94e8c9785) Importer(815301076,1909f56bfc062723c751e8b465ee728b)
Start importing Assets/Sprites/Ghost_Vulnerable_White_01.png using Guid(e143709560e917e4e985b7e94e8c9785) Importer(815301076,1909f56bfc062723c751e8b465ee728b)  -> (artifact id: '5ee962a173a24eb3b49d36c63d5ca607') in 0.040137 seconds 
========================================================================
Received Import Request.
  Time since last request: 0.000218 seconds.
  path: Assets/Sprites/Ghost_Vulnerable_White_02.png
  artifactKey: Guid(ea58411eecf16d34faec734e820fa04c) Importer(815301076,1909f56bfc062723c751e8b465ee728b)
Start importing Assets/Sprites/Ghost_Vulnerable_White_02.png using Guid(ea58411eecf16d34faec734e820fa04c) Importer(815301076,1909f56bfc062723c751e8b465ee728b)  -> (artifact id: 'b28b1cf12afc2131758b2677780da095') in 0.023840 seconds 
========================================================================
Received Import Request.
  Time since last request: 36.531421 seconds.
  path: Assets/Sprites/Node.png
  artifactKey: Guid(548d9063a988dc148a4d3bc2c94bf18c) Importer(815301076,1909f56bfc062723c751e8b465ee728b)
Start importing Assets/Sprites/Node.png using Guid(548d9063a988dc148a4d3bc2c94bf18c) Importer(815301076,1909f56bfc062723c751e8b465ee728b)  -> (artifact id: 'b3015e68f27b14a699587637ae21b833') in 0.099467 seconds 
========================================================================
Received Import Request.
  Time since last request: 103.829671 seconds.
  path: Assets/Sprites/Pacman_01.png
  artifactKey: Guid(3ee4e38876ff5b04a91af920e6f0767c) Importer(815301076,1909f56bfc062723c751e8b465ee728b)
Start importing Assets/Sprites/Pacman_01.png using Guid(3ee4e38876ff5b04a91af920e6f0767c) Importer(815301076,1909f56bfc062723c751e8b465ee728b)  -> (artifact id: 'b64bb15b782b7fa0b9b3dc1a2b31ec48') in 0.067266 seconds 
========================================================================
Received Import Request.
  Time since last request: 0.000553 seconds.
  path: Assets/Sprites/Pacman_02 (1).png
  artifactKey: Guid(c4878ce58b3c3744199cbbd9b9c7f999) Importer(815301076,1909f56bfc062723c751e8b465ee728b)
Start importing Assets/Sprites/Pacman_02 (1).png using Guid(c4878ce58b3c3744199cbbd9b9c7f999) Importer(815301076,1909f56bfc062723c751e8b465ee728b)  -> (artifact id: 'a3a214aaa60e9544c5d4429cccd01446') in 0.042769 seconds 
========================================================================
Received Import Request.
  Time since last request: 0.000618 seconds.
  path: Assets/Sprites/Pacman_02.png
  artifactKey: Guid(47909e487b617f74b838f0b897f3f414) Importer(815301076,1909f56bfc062723c751e8b465ee728b)
Start importing Assets/Sprites/Pacman_02.png using Guid(47909e487b617f74b838f0b897f3f414) Importer(815301076,1909f56bfc062723c751e8b465ee728b)  -> (artifact id: '9b45b11108bfcfef824f0db936123f85') in 0.069167 seconds 
========================================================================
Received Import Request.
  Time since last request: 0.000101 seconds.
  path: Assets/Sprites/Pacman_Death_01.png
  artifactKey: Guid(a86471c46e4978c4f9d0fb8372b17953) Importer(815301076,1909f56bfc062723c751e8b465ee728b)
Start importing Assets/Sprites/Pacman_Death_01.png using Guid(a86471c46e4978c4f9d0fb8372b17953) Importer(815301076,1909f56bfc062723c751e8b465ee728b)  -> (artifact id: 'c62bdf891b5e481e03c03c9a640f27c4') in 0.079755 seconds 
========================================================================
Received Import Request.
  Time since last request: 0.000270 seconds.
  path: Assets/Sprites/Pacman_03.png
  artifactKey: Guid(3f153ca3b445b59488b483e59b24b089) Importer(815301076,1909f56bfc062723c751e8b465ee728b)
Start importing Assets/Sprites/Pacman_03.png using Guid(3f153ca3b445b59488b483e59b24b089) Importer(815301076,1909f56bfc062723c751e8b465ee728b)  -> (artifact id: 'ada107074309a3974e88c5a90db51d82') in 0.047709 seconds 
========================================================================
Received Import Request.
  Time since last request: 64.950980 seconds.
  path: Assets/Sprites/Pacman_Death_02.png
  artifactKey: Guid(15db7efa5a814aa4f8d20287c340d7e3) Importer(815301076,1909f56bfc062723c751e8b465ee728b)
Start importing Assets/Sprites/Pacman_Death_02.png using Guid(15db7efa5a814aa4f8d20287c340d7e3) Importer(815301076,1909f56bfc062723c751e8b465ee728b)  -> (artifact id: '74e04f81ebb1b2a41b4f12b79d0470ef') in 0.044434 seconds 
========================================================================
Received Import Request.
  Time since last request: 0.000291 seconds.
  path: Assets/Sprites/Pacman_Death_04.png
  artifactKey: Guid(0a51d1ab4db8c7a4699a9763171feebd) Importer(815301076,1909f56bfc062723c751e8b465ee728b)
Start importing Assets/Sprites/Pacman_Death_04.png using Guid(0a51d1ab4db8c7a4699a9763171feebd) Importer(815301076,1909f56bfc062723c751e8b465ee728b)  -> (artifact id: 'a4132287e55bf442dd89e9d0c37960d7') in 0.033037 seconds 
========================================================================
Received Import Request.
  Time since last request: 0.000414 seconds.
  path: Assets/Sprites/Pacman_Death_03.png
  artifactKey: Guid(313f3442521ab984ba4fb687ed32b9ee) Importer(815301076,1909f56bfc062723c751e8b465ee728b)
Start importing Assets/Sprites/Pacman_Death_03.png using Guid(313f3442521ab984ba4fb687ed32b9ee) Importer(815301076,1909f56bfc062723c751e8b465ee728b)  -> (artifact id: 'b312364ab7e8001d343e6fdaaab50e7a') in 0.073565 seconds 
========================================================================
Received Import Request.
  Time since last request: 0.001089 seconds.
  path: Assets/Sprites/Pacman_Death_05.png
  artifactKey: Guid(7a4a896fcb2e842468a4d2cc7d0d623b) Importer(815301076,1909f56bfc062723c751e8b465ee728b)
Start importing Assets/Sprites/Pacman_Death_05.png using Guid(7a4a896fcb2e842468a4d2cc7d0d623b) Importer(815301076,1909f56bfc062723c751e8b465ee728b)  -> (artifact id: '281a37564480ba83d307f10badfddcdd') in 0.032483 seconds 
========================================================================
Received Import Request.
  Time since last request: 114.410673 seconds.
  path: Assets/Sprites/Pacman_Death_06.png
  artifactKey: Guid(1461221d458ca7943b947218bdf27a53) Importer(815301076,1909f56bfc062723c751e8b465ee728b)
Start importing Assets/Sprites/Pacman_Death_06.png using Guid(1461221d458ca7943b947218bdf27a53) Importer(815301076,1909f56bfc062723c751e8b465ee728b)  -> (artifact id: 'd7cf396c0e9d7866978772333e8a20b8') in 0.041993 seconds 
========================================================================
Received Import Request.
  Time since last request: 0.000343 seconds.
  path: Assets/Sprites/Pellet_Medium.png
  artifactKey: Guid(9b6ec04dc23e39340a26610060165cab) Importer(815301076,1909f56bfc062723c751e8b465ee728b)
Start importing Assets/Sprites/Pellet_Medium.png using Guid(9b6ec04dc23e39340a26610060165cab) Importer(815301076,1909f56bfc062723c751e8b465ee728b)  -> (artifact id: 'b01f3d16722edc5a9e178f7a5084b711') in 0.032936 seconds 
========================================================================
Received Import Request.
  Time since last request: 0.000265 seconds.
  path: Assets/Sprites/Pacman_Death_10.png
  artifactKey: Guid(06dfffdac5ef33e47b24ab4c578911ab) Importer(815301076,1909f56bfc062723c751e8b465ee728b)
Start importing Assets/Sprites/Pacman_Death_10.png using Guid(06dfffdac5ef33e47b24ab4c578911ab) Importer(815301076,1909f56bfc062723c751e8b465ee728b)  -> (artifact id: 'e584fc10fb3908adb98ad8e62bdca6bd') in 0.041682 seconds 
========================================================================
Received Import Request.
  Time since last request: 0.000354 seconds.
  path: Assets/Sprites/Pacman_Death_11.png
  artifactKey: Guid(03c6820833c86f440ba1d19908c70b1d) Importer(815301076,1909f56bfc062723c751e8b465ee728b)
Start importing Assets/Sprites/Pacman_Death_11.png using Guid(03c6820833c86f440ba1d19908c70b1d) Importer(815301076,1909f56bfc062723c751e8b465ee728b)  -> (artifact id: '0d3a541552a3acc42a4f37a4007eb276') in 0.030307 seconds 
========================================================================
Received Import Request.
  Time since last request: 0.000275 seconds.
  path: Assets/Sprites/Pacman_Death_08.png
  artifactKey: Guid(9e7f131de055e3e4bbe75523e2dfe064) Importer(815301076,1909f56bfc062723c751e8b465ee728b)
Start importing Assets/Sprites/Pacman_Death_08.png using Guid(9e7f131de055e3e4bbe75523e2dfe064) Importer(815301076,1909f56bfc062723c751e8b465ee728b)  -> (artifact id: 'fd3d0f8d8cd21dbbec145205eb3a6043') in 0.040600 seconds 
========================================================================
Received Import Request.
  Time since last request: 0.000351 seconds.
  path: Assets/Sprites/Pellet_Small.png
  artifactKey: Guid(95f2e064ea6cf534586c189170a27819) Importer(815301076,1909f56bfc062723c751e8b465ee728b)
Start importing Assets/Sprites/Pellet_Small.png using Guid(95f2e064ea6cf534586c189170a27819) Importer(815301076,1909f56bfc062723c751e8b465ee728b)  -> (artifact id: '07f9ff2382bb7d5808c979af27d5916f') in 0.032799 seconds 
========================================================================
Received Import Request.
  Time since last request: 0.000273 seconds.
  path: Assets/Sprites/Pellet_Large.png
  artifactKey: Guid(0d0c77985911ecf419c50a3068e889a0) Importer(815301076,1909f56bfc062723c751e8b465ee728b)
Start importing Assets/Sprites/Pellet_Large.png using Guid(0d0c77985911ecf419c50a3068e889a0) Importer(815301076,1909f56bfc062723c751e8b465ee728b)  -> (artifact id: 'a2dab83e02070067eb7505060b43793f') in 0.044819 seconds 
========================================================================
Received Import Request.
  Time since last request: 0.000331 seconds.
  path: Assets/Sprites/Pacman_Death_07.png
  artifactKey: Guid(dbfb89f634842a44c9974f75b837011c) Importer(815301076,1909f56bfc062723c751e8b465ee728b)
Start importing Assets/Sprites/Pacman_Death_07.png using Guid(dbfb89f634842a44c9974f75b837011c) Importer(815301076,1909f56bfc062723c751e8b465ee728b)  -> (artifact id: '2df063d70680f73153631c6921af1dc8') in 0.027043 seconds 
========================================================================
Received Import Request.
  Time since last request: 0.000255 seconds.
  path: Assets/Sprites/Pacman_Death_09.png
  artifactKey: Guid(07091483596a47e41b2e4612f7abe42c) Importer(815301076,1909f56bfc062723c751e8b465ee728b)
Start importing Assets/Sprites/Pacman_Death_09.png using Guid(07091483596a47e41b2e4612f7abe42c) Importer(815301076,1909f56bfc062723c751e8b465ee728b)  -> (artifact id: '44a30f569868ba815b60a15d8b80d843') in 0.032463 seconds 
========================================================================
Received Import Request.
  Time since last request: 22.930736 seconds.
  path: Assets/Sprites/Wall_00.png
  artifactKey: Guid(20033f406f9457549848806f50f91ede) Importer(815301076,1909f56bfc062723c751e8b465ee728b)
Start importing Assets/Sprites/Wall_00.png using Guid(20033f406f9457549848806f50f91ede) Importer(815301076,1909f56bfc062723c751e8b465ee728b)  -> (artifact id: 'd052dfeafe4d27de30852b3e031e7256') in 0.045206 seconds 
========================================================================
Received Import Request.
  Time since last request: 64.465355 seconds.
  path: Assets/Sprites/Wall_01.png
  artifactKey: Guid(232e23f08b2692a449dd14a2904546ed) Importer(815301076,1909f56bfc062723c751e8b465ee728b)
Start importing Assets/Sprites/Wall_01.png using Guid(232e23f08b2692a449dd14a2904546ed) Importer(815301076,1909f56bfc062723c751e8b465ee728b)  -> (artifact id: '6869bdc5ab6fa409fa2d575a33833e59') in 0.033915 seconds 
========================================================================
Received Import Request.
  Time since last request: 0.000404 seconds.
  path: Assets/Sprites/Wall_03.png
  artifactKey: Guid(d78630790afc75046ad2c65e7677d132) Importer(815301076,1909f56bfc062723c751e8b465ee728b)
Start importing Assets/Sprites/Wall_03.png using Guid(d78630790afc75046ad2c65e7677d132) Importer(815301076,1909f56bfc062723c751e8b465ee728b)  -> (artifact id: 'd76bdd4a44c155e0477837a7c2928f49') in 0.038175 seconds 
========================================================================
Received Import Request.
  Time since last request: 0.000268 seconds.
  path: Assets/Sprites/Wall_04.png
  artifactKey: Guid(6c02895c084405842b6d0fe8c50f4c2f) Importer(815301076,1909f56bfc062723c751e8b465ee728b)
Start importing Assets/Sprites/Wall_04.png using Guid(6c02895c084405842b6d0fe8c50f4c2f) Importer(815301076,1909f56bfc062723c751e8b465ee728b)  -> (artifact id: 'b3b44695b5aa3cc6833786e13d2a2dac') in 0.067826 seconds 
========================================================================
Received Import Request.
  Time since last request: 0.000095 seconds.
  path: Assets/Sprites/Wall_02.png
  artifactKey: Guid(e6b3800678eeb1841935575cb6d2fe96) Importer(815301076,1909f56bfc062723c751e8b465ee728b)
Start importing Assets/Sprites/Wall_02.png using Guid(e6b3800678eeb1841935575cb6d2fe96) Importer(815301076,1909f56bfc062723c751e8b465ee728b)  -> (artifact id: '2191f073ecda29d83a10dbffceacaab8') in 0.069865 seconds 
========================================================================
Received Import Request.
  Time since last request: 27.008943 seconds.
  path: Assets/Sprites/Wall_05.png
  artifactKey: Guid(750074793aa19b24db498247f4e48d91) Importer(815301076,1909f56bfc062723c751e8b465ee728b)
Start importing Assets/Sprites/Wall_05.png using Guid(750074793aa19b24db498247f4e48d91) Importer(815301076,1909f56bfc062723c751e8b465ee728b)  -> (artifact id: '775a19cc8f7efbf0607f3952f926be11') in 0.035964 seconds 
========================================================================
Received Import Request.
  Time since last request: 0.000280 seconds.
  path: Assets/Sprites/Wall_06.png
  artifactKey: Guid(eeede00857d44da44b0ccc52fb665683) Importer(815301076,1909f56bfc062723c751e8b465ee728b)
Start importing Assets/Sprites/Wall_06.png using Guid(eeede00857d44da44b0ccc52fb665683) Importer(815301076,1909f56bfc062723c751e8b465ee728b)  -> (artifact id: '4e171824570185e4f91ed4485fd2692a') in 0.057212 seconds 
========================================================================
Received Import Request.
  Time since last request: 38.772353 seconds.
  path: Assets/Sprites/Wall_07.png
  artifactKey: Guid(5ad6fd5e0e0b5034ba44ba04ece76243) Importer(815301076,1909f56bfc062723c751e8b465ee728b)
Start importing Assets/Sprites/Wall_07.png using Guid(5ad6fd5e0e0b5034ba44ba04ece76243) Importer(815301076,1909f56bfc062723c751e8b465ee728b)  -> (artifact id: '07e485cfa73ddaed801ed2eef2aeed01') in 0.042015 seconds 
========================================================================
Received Import Request.
  Time since last request: 0.000408 seconds.
  path: Assets/Sprites/Wall_10.png
  artifactKey: Guid(f362aca22b06d1d468fe43bffa9e2b4a) Importer(815301076,1909f56bfc062723c751e8b465ee728b)
Start importing Assets/Sprites/Wall_10.png using Guid(f362aca22b06d1d468fe43bffa9e2b4a) Importer(815301076,1909f56bfc062723c751e8b465ee728b)  -> (artifact id: 'c8dae78078b6eb67602e0cc8f193ac9c') in 0.047258 seconds 
========================================================================
Received Import Request.
  Time since last request: 0.000274 seconds.
  path: Assets/Sprites/Wall_08.png
  artifactKey: Guid(9443423dfbc387b4a950c2ef941dce17) Importer(815301076,1909f56bfc062723c751e8b465ee728b)
Start importing Assets/Sprites/Wall_08.png using Guid(9443423dfbc387b4a950c2ef941dce17) Importer(815301076,1909f56bfc062723c751e8b465ee728b)  -> (artifact id: '09f3587adaf544f99a41179485ed836b') in 0.037970 seconds 
========================================================================
Received Import Request.
  Time since last request: 0.000339 seconds.
  path: Assets/Sprites/Wall_09.png
  artifactKey: Guid(adfb1ce4ee56ff54494af935cb8cb548) Importer(815301076,1909f56bfc062723c751e8b465ee728b)
Start importing Assets/Sprites/Wall_09.png using Guid(adfb1ce4ee56ff54494af935cb8cb548) Importer(815301076,1909f56bfc062723c751e8b465ee728b)  -> (artifact id: '4a3b10f75fa4dfbb432e4fbd75b7ecaf') in 0.049635 seconds 
========================================================================
Received Import Request.
  Time since last request: 220.338015 seconds.
  path: Assets/Sprites/Wall_11.png
  artifactKey: Guid(f62ac44a8ae94f7469dc2b9cba7a17cc) Importer(815301076,1909f56bfc062723c751e8b465ee728b)
Start importing Assets/Sprites/Wall_11.png using Guid(f62ac44a8ae94f7469dc2b9cba7a17cc) Importer(815301076,1909f56bfc062723c751e8b465ee728b)  -> (artifact id: '9d3c838ae6d16da2dcb4ed5b0e1187b8') in 0.057675 seconds 
========================================================================
Received Import Request.
  Time since last request: 0.000576 seconds.
  path: Assets/Sprites/Wall_12.png
  artifactKey: Guid(52a991b2a1c59b24c8d21f12c15ea744) Importer(815301076,1909f56bfc062723c751e8b465ee728b)
Start importing Assets/Sprites/Wall_12.png using Guid(52a991b2a1c59b24c8d21f12c15ea744) Importer(815301076,1909f56bfc062723c751e8b465ee728b)  -> (artifact id: '99e9641c787d2aabac8d37cbe1e5e30c') in 0.040418 seconds 
========================================================================
Received Import Request.
  Time since last request: 0.000373 seconds.
  path: Assets/Sprites/Wall_14.png
  artifactKey: Guid(e08c75d752adf6f42aba7ed860078071) Importer(815301076,1909f56bfc062723c751e8b465ee728b)
Start importing Assets/Sprites/Wall_14.png using Guid(e08c75d752adf6f42aba7ed860078071) Importer(815301076,1909f56bfc062723c751e8b465ee728b)  -> (artifact id: '875e57413080c65716b82a00f200885d') in 0.050799 seconds 
========================================================================
Received Import Request.
  Time since last request: 0.000266 seconds.
  path: Assets/Sprites/Wall_18.png
  artifactKey: Guid(e4f6d2855a192744880ca2266f955f05) Importer(815301076,1909f56bfc062723c751e8b465ee728b)
Start importing Assets/Sprites/Wall_18.png using Guid(e4f6d2855a192744880ca2266f955f05) Importer(815301076,1909f56bfc062723c751e8b465ee728b)  -> (artifact id: 'fee8b9707a267685a036532c2978685d') in 0.034369 seconds 
========================================================================
Received Import Request.
  Time since last request: 0.000259 seconds.
  path: Assets/Sprites/Wall_13.png
  artifactKey: Guid(f8f55107234b82a4faed1b554006abe2) Importer(815301076,1909f56bfc062723c751e8b465ee728b)
Start importing Assets/Sprites/Wall_13.png using Guid(f8f55107234b82a4faed1b554006abe2) Importer(815301076,1909f56bfc062723c751e8b465ee728b)  -> (artifact id: '97d7ff70a4c934c046c408a42ab4995a') in 0.050255 seconds 
========================================================================
Received Import Request.
  Time since last request: 0.000848 seconds.
  path: Assets/Sprites/Wall_20.png
  artifactKey: Guid(79d3c57b39fada642b6e4b3106d95465) Importer(815301076,1909f56bfc062723c751e8b465ee728b)
Start importing Assets/Sprites/Wall_20.png using Guid(79d3c57b39fada642b6e4b3106d95465) Importer(815301076,1909f56bfc062723c751e8b465ee728b)  -> (artifact id: 'e7f5d648bf810de0a38730f665c0feef') in 0.032231 seconds 
========================================================================
Received Import Request.
  Time since last request: 0.000288 seconds.
  path: Assets/Sprites/Wall_15.png
  artifactKey: Guid(2d4cc6c2c0aacf544b9341adbb72383f) Importer(815301076,1909f56bfc062723c751e8b465ee728b)
Start importing Assets/Sprites/Wall_15.png using Guid(2d4cc6c2c0aacf544b9341adbb72383f) Importer(815301076,1909f56bfc062723c751e8b465ee728b)  -> (artifact id: 'df987a2b5c3c6f95b2d9c4fbf2f6abeb') in 0.037476 seconds 
========================================================================
Received Import Request.
  Time since last request: 0.000197 seconds.
  path: Assets/Sprites/Wall_16.png
  artifactKey: Guid(6b00a3eda20e88746843686f835be837) Importer(815301076,1909f56bfc062723c751e8b465ee728b)
Start importing Assets/Sprites/Wall_16.png using Guid(6b00a3eda20e88746843686f835be837) Importer(815301076,1909f56bfc062723c751e8b465ee728b)  -> (artifact id: '3f0fbd0cd6ab288ec7bdc30becc61528') in 0.038247 seconds 
========================================================================
Received Import Request.
  Time since last request: 0.000277 seconds.
  path: Assets/Sprites/Wall_17.png
  artifactKey: Guid(db20fa4c754dc5d44a26bbdbd022f767) Importer(815301076,1909f56bfc062723c751e8b465ee728b)
Start importing Assets/Sprites/Wall_17.png using Guid(db20fa4c754dc5d44a26bbdbd022f767) Importer(815301076,1909f56bfc062723c751e8b465ee728b)  -> (artifact id: '81fdae0713542d147023f982a581aeff') in 0.034855 seconds 
========================================================================
Received Import Request.
  Time since last request: 0.000258 seconds.
  path: Assets/Sprites/Wall_19.png
  artifactKey: Guid(969e3f013a010d4469d266eb35511296) Importer(815301076,1909f56bfc062723c751e8b465ee728b)
Start importing Assets/Sprites/Wall_19.png using Guid(969e3f013a010d4469d266eb35511296) Importer(815301076,1909f56bfc062723c751e8b465ee728b)  -> (artifact id: '922a566480f52ad96a473bfe57747bde') in 0.036385 seconds 
========================================================================
Received Import Request.
  Time since last request: 0.076092 seconds.
  path: Assets/Sprites/Wall_21.png
  artifactKey: Guid(04da8a1f832cd2f498b084c76a9d43f1) Importer(815301076,1909f56bfc062723c751e8b465ee728b)
Start importing Assets/Sprites/Wall_21.png using Guid(04da8a1f832cd2f498b084c76a9d43f1) Importer(815301076,1909f56bfc062723c751e8b465ee728b)  -> (artifact id: 'd92ee0e7757fb7b2bf81d9b2c9155034') in 0.035263 seconds 
========================================================================
Received Import Request.
  Time since last request: 0.000277 seconds.
  path: Assets/Sprites/Wall_22.png
  artifactKey: Guid(9e588519b00cce145961ebcb19dce5db) Importer(815301076,1909f56bfc062723c751e8b465ee728b)
Start importing Assets/Sprites/Wall_22.png using Guid(9e588519b00cce145961ebcb19dce5db) Importer(815301076,1909f56bfc062723c751e8b465ee728b)  -> (artifact id: '6d9c0084f212ee361661c726f2f24c25') in 0.039744 seconds 
========================================================================
Received Import Request.
  Time since last request: 0.000308 seconds.
  path: Assets/Sprites/Wall_24.png
  artifactKey: Guid(797b9d3da37afdd439a587609ab787b2) Importer(815301076,1909f56bfc062723c751e8b465ee728b)
Start importing Assets/Sprites/Wall_24.png using Guid(797b9d3da37afdd439a587609ab787b2) Importer(815301076,1909f56bfc062723c751e8b465ee728b)  -> (artifact id: '4efabccb3b7fdb8c68eed9114e43d5fc') in 0.033052 seconds 
========================================================================
Received Import Request.
  Time since last request: 0.000499 seconds.
  path: Assets/Sprites/Wall_27.png
  artifactKey: Guid(a530f9de63845b94f9b21d50054001c9) Importer(815301076,1909f56bfc062723c751e8b465ee728b)
Start importing Assets/Sprites/Wall_27.png using Guid(a530f9de63845b94f9b21d50054001c9) Importer(815301076,1909f56bfc062723c751e8b465ee728b)  -> (artifact id: 'b85af31a67df0112758e9c7ebd433199') in 0.052538 seconds 
========================================================================
Received Import Request.
  Time since last request: 0.000278 seconds.
  path: Assets/Sprites/Wall_23.png
  artifactKey: Guid(fd1f30b6b6da02e47a976ae4f2d439ce) Importer(815301076,1909f56bfc062723c751e8b465ee728b)
Start importing Assets/Sprites/Wall_23.png using Guid(fd1f30b6b6da02e47a976ae4f2d439ce) Importer(815301076,1909f56bfc062723c751e8b465ee728b)  -> (artifact id: '3b4e44ade804115461619e618fd7b288') in 0.039468 seconds 
========================================================================
Received Import Request.
  Time since last request: 0.000399 seconds.
  path: Assets/Sprites/Wall_25.png
  artifactKey: Guid(a9abe9794c8823c46ab380f867883f5a) Importer(815301076,1909f56bfc062723c751e8b465ee728b)
Start importing Assets/Sprites/Wall_25.png using Guid(a9abe9794c8823c46ab380f867883f5a) Importer(815301076,1909f56bfc062723c751e8b465ee728b)  -> (artifact id: '7f80a17bda2402f87f254c0f3d5f16a9') in 0.033321 seconds 
========================================================================
Received Import Request.
  Time since last request: 0.000229 seconds.
  path: Assets/Sprites/Wall_28.png
  artifactKey: Guid(632a220741b54c549ac4887ad30dd404) Importer(815301076,1909f56bfc062723c751e8b465ee728b)
Start importing Assets/Sprites/Wall_28.png using Guid(632a220741b54c549ac4887ad30dd404) Importer(815301076,1909f56bfc062723c751e8b465ee728b)  -> (artifact id: '5659dfc617bb21b1a45e84403b04b168') in 0.079836 seconds 
========================================================================
Received Import Request.
  Time since last request: 0.000096 seconds.
  path: Assets/Sprites/Wall_26.png
  artifactKey: Guid(5997f29a49629874d90e66cf6c8dd7c0) Importer(815301076,1909f56bfc062723c751e8b465ee728b)
Start importing Assets/Sprites/Wall_26.png using Guid(5997f29a49629874d90e66cf6c8dd7c0) Importer(815301076,1909f56bfc062723c751e8b465ee728b)  -> (artifact id: 'e32f7cccf982606535d3a8931ef3616f') in 0.027027 seconds 
========================================================================
Received Import Request.
  Time since last request: 84.791402 seconds.
  path: Assets/Sprites/Wall_29.png
  artifactKey: Guid(383b537a18f5e8b48b4e648eb55691dc) Importer(815301076,1909f56bfc062723c751e8b465ee728b)
Start importing Assets/Sprites/Wall_29.png using Guid(383b537a18f5e8b48b4e648eb55691dc) Importer(815301076,1909f56bfc062723c751e8b465ee728b)  -> (artifact id: '60eed95f4090c6e72b6281f8eb46e358') in 0.042977 seconds 
========================================================================
Received Import Request.
  Time since last request: 0.000323 seconds.
  path: Assets/Sprites/Wall_34.png
  artifactKey: Guid(b936ffe59c3feb5499be7d451bf6558c) Importer(815301076,1909f56bfc062723c751e8b465ee728b)
Start importing Assets/Sprites/Wall_34.png using Guid(b936ffe59c3feb5499be7d451bf6558c) Importer(815301076,1909f56bfc062723c751e8b465ee728b)  -> (artifact id: '0d724057c49b1063e076829b4ff54ee9') in 0.044307 seconds 
========================================================================
Received Import Request.
  Time since last request: 0.000272 seconds.
  path: Assets/Sprites/Wall_30.png
  artifactKey: Guid(53e8dbac108328e4b927d89b6d397445) Importer(815301076,1909f56bfc062723c751e8b465ee728b)
Start importing Assets/Sprites/Wall_30.png using Guid(53e8dbac108328e4b927d89b6d397445) Importer(815301076,1909f56bfc062723c751e8b465ee728b)  -> (artifact id: '5622f76a5ffb981e167c40b6aacd3f2a') in 0.056886 seconds 
========================================================================
Received Import Request.
  Time since last request: 0.000251 seconds.
  path: Assets/Sprites/Wall_36.png
  artifactKey: Guid(c33592c30bd5e3040a290a89d793500d) Importer(815301076,1909f56bfc062723c751e8b465ee728b)
Start importing Assets/Sprites/Wall_36.png using Guid(c33592c30bd5e3040a290a89d793500d) Importer(815301076,1909f56bfc062723c751e8b465ee728b)  -> (artifact id: '06a30f1a07492ac5aca1d9a2c318c571') in 0.029509 seconds 
========================================================================
Received Import Request.
  Time since last request: 0.000259 seconds.
  path: Assets/Sprites/Wall_31.png
  artifactKey: Guid(90d44d6462a8cdd43bfdcf0373d83fc0) Importer(815301076,1909f56bfc062723c751e8b465ee728b)
Start importing Assets/Sprites/Wall_31.png using Guid(90d44d6462a8cdd43bfdcf0373d83fc0) Importer(815301076,1909f56bfc062723c751e8b465ee728b)  -> (artifact id: '615f55e8db21b062aec3414c07342e1c') in 0.036859 seconds 
========================================================================
Received Import Request.
  Time since last request: 0.000319 seconds.
  path: Assets/Sprites/Wall_32.png
  artifactKey: Guid(f306650d3882b5846b93723b6cc5631b) Importer(815301076,1909f56bfc062723c751e8b465ee728b)
Start importing Assets/Sprites/Wall_32.png using Guid(f306650d3882b5846b93723b6cc5631b) Importer(815301076,1909f56bfc062723c751e8b465ee728b)  -> (artifact id: 'f528cc4d94121807acb18f75c3fb6d0e') in 0.037564 seconds 
========================================================================
Received Import Request.
  Time since last request: 0.000247 seconds.
  path: Assets/Sprites/Wall_33.png
  artifactKey: Guid(2149c67c74b24f244931440687c535a4) Importer(815301076,1909f56bfc062723c751e8b465ee728b)
Start importing Assets/Sprites/Wall_33.png using Guid(2149c67c74b24f244931440687c535a4) Importer(815301076,1909f56bfc062723c751e8b465ee728b)  -> (artifact id: '105e72100475d58c516ea98d03b91ed9') in 0.033921 seconds 
========================================================================
Received Import Request.
  Time since last request: 0.000420 seconds.
  path: Assets/Sprites/Wall_37.png
  artifactKey: Guid(635e32ac4e004ff48831b4c142625c05) Importer(815301076,1909f56bfc062723c751e8b465ee728b)
Start importing Assets/Sprites/Wall_37.png using Guid(635e32ac4e004ff48831b4c142625c05) Importer(815301076,1909f56bfc062723c751e8b465ee728b)  -> (artifact id: 'bfde3f8d281ebdbc33004a4e627366af') in 0.031743 seconds 
========================================================================
Received Import Request.
  Time since last request: 0.000254 seconds.
  path: Assets/Sprites/Wall_35.png
  artifactKey: Guid(04d6162f50a4d8f4cb654aec4368d944) Importer(815301076,1909f56bfc062723c751e8b465ee728b)
Start importing Assets/Sprites/Wall_35.png using Guid(04d6162f50a4d8f4cb654aec4368d944) Importer(815301076,1909f56bfc062723c751e8b465ee728b)  -> (artifact id: 'ceb0971d79757989adc8e9adaa8ef774') in 0.042386 seconds 
AssetImportWorkerClient::OnTransportError - code=2 error=End of file
